  [4;36;1mSQL (0.4ms)[0m   [0;1m SELECT name
 FROM sqlite_master
 WHERE type = 'table' AND NOT name = 'sqlite_sequence'
[0m
  [4;35;1mSQL (0.2ms)[0m   [0mselect sqlite_version(*)[0m
  [4;36;1mSQL (7.4ms)[0m   [0;1mCREATE TABLE "schema_migrations" ("version" varchar(255) NOT NULL) [0m
  [4;35;1mSQL (7.6ms)[0m   [0mCREATE UNIQUE INDEX "unique_schema_migrations" ON "schema_migrations" ("version")[0m
  [4;36;1mSQL (0.3ms)[0m   [0;1m SELECT name
 FROM sqlite_master
 WHERE type = 'table' AND NOT name = 'sqlite_sequence'
[0m
  [4;35;1mSQL (0.1ms)[0m   [0mSELECT version FROM schema_migrations[0m
Migrating to CreateProfessors (20091023192737)
  [4;36;1mSQL (6.8ms)[0m   [0;1mCREATE TABLE "professors" ("id" INTEGER PRIMARY KEY AUTOINCREMENT NOT NULL, "nome" varchar(255), "login" varchar(255), "senha" varchar(255), "created_at" datetime, "updated_at" datetime) [0m
  [4;35;1mSQL (4.3ms)[0m   [0mINSERT INTO schema_migrations (version) VALUES ('20091023192737')[0m
Migrating to CreateProjetos (20091023192751)
  [4;36;1mSQL (7.0ms)[0m   [0;1mCREATE TABLE "projetos" ("id" INTEGER PRIMARY KEY AUTOINCREMENT NOT NULL, "titulo" varchar(255), "subtitulo" varchar(255), "keywords" varchar(255), "avaliador" boolean, "created_at" datetime, "updated_at" datetime) [0m
  [4;35;1mSQL (4.1ms)[0m   [0mINSERT INTO schema_migrations (version) VALUES ('20091023192751')[0m
Migrating to CreateEstudantes (20091023192814)
  [4;36;1mSQL (9.8ms)[0m   [0;1mCREATE TABLE "estudantes" ("id" INTEGER PRIMARY KEY AUTOINCREMENT NOT NULL, "nome" varchar(255), "id_projeto" integer, "id_professor" integer, "created_at" datetime, "updated_at" datetime) [0m
  [4;35;1mSQL (5.9ms)[0m   [0mINSERT INTO schema_migrations (version) VALUES ('20091023192814')[0m
  [4;36;1mSQL (0.5ms)[0m   [0;1m SELECT name
 FROM sqlite_master
 WHERE type = 'table' AND NOT name = 'sqlite_sequence'
[0m
  [4;35;1mSQL (0.3ms)[0m   [0mSELECT version FROM schema_migrations[0m
  [4;36;1mSQL (0.4ms)[0m   [0;1m SELECT name
 FROM sqlite_master
 WHERE type = 'table' AND NOT name = 'sqlite_sequence'
[0m
  [4;35;1mSQL (0.1ms)[0m   [0mPRAGMA index_list("estudantes")[0m
  [4;36;1mSQL (0.1ms)[0m   [0;1mPRAGMA index_list("professors")[0m
  [4;35;1mSQL (0.1ms)[0m   [0mPRAGMA index_list("projetos")[0m
  [4;36;1mSQL (0.8ms)[0m   [0;1m SELECT name
 FROM sqlite_master
 WHERE type = 'table' AND NOT name = 'sqlite_sequence'
[0m
  [4;35;1mSQL (0.3ms)[0m   [0mSELECT version FROM schema_migrations[0m
  [4;36;1mSQL (0.4ms)[0m   [0;1m SELECT name
 FROM sqlite_master
 WHERE type = 'table' AND NOT name = 'sqlite_sequence'
[0m
  [4;35;1mSQL (0.4ms)[0m   [0mSELECT version FROM schema_migrations[0m
Migrating to CreateEstudantes (20091023192814)
  [4;36;1mSQL (4.1ms)[0m   [0;1mDROP TABLE "estudantes"[0m
  [4;35;1mSQL (18.0ms)[0m   [0mDELETE FROM schema_migrations WHERE version = '20091023192814'[0m
Migrating to CreateProjetos (20091023192751)
  [4;36;1mSQL (4.2ms)[0m   [0;1mDROP TABLE "projetos"[0m
  [4;35;1mSQL (3.5ms)[0m   [0mDELETE FROM schema_migrations WHERE version = '20091023192751'[0m
Migrating to CreateProfessors (20091023192737)
  [4;36;1mSQL (4.6ms)[0m   [0;1mDROP TABLE "professors"[0m
  [4;35;1mSQL (3.5ms)[0m   [0mDELETE FROM schema_migrations WHERE version = '20091023192737'[0m
  [4;36;1mSQL (0.3ms)[0m   [0;1mselect sqlite_version(*)[0m
  [4;35;1mSQL (0.3ms)[0m   [0m SELECT name
 FROM sqlite_master
 WHERE type = 'table' AND NOT name = 'sqlite_sequence'
[0m
  [4;36;1mSQL (0.1ms)[0m   [0;1mSELECT version FROM schema_migrations[0m
  [4;35;1mSQL (0.2ms)[0m   [0m SELECT name
 FROM sqlite_master
 WHERE type = 'table' AND NOT name = 'sqlite_sequence'
[0m
  [4;36;1mSQL (0.6ms)[0m   [0;1m SELECT name
 FROM sqlite_master
 WHERE type = 'table' AND NOT name = 'sqlite_sequence'
[0m
  [4;35;1mSQL (0.2ms)[0m   [0mSELECT version FROM schema_migrations[0m
Migrating to CreateProfessors (20091023192737)
  [4;36;1mSQL (0.2ms)[0m   [0;1mselect sqlite_version(*)[0m
  [4;35;1mSQL (6.6ms)[0m   [0mCREATE TABLE "professors" ("id" INTEGER PRIMARY KEY AUTOINCREMENT NOT NULL, "nome" varchar(255), "login" varchar(255), "senha" varchar(255), "avaliador" boolean, "created_at" datetime, "updated_at" datetime) [0m
  [4;36;1mSQL (2.8ms)[0m   [0;1mINSERT INTO schema_migrations (version) VALUES ('20091023192737')[0m
Migrating to CreateProjetos (20091023192751)
  [4;35;1mSQL (4.1ms)[0m   [0mCREATE TABLE "projetos" ("id" INTEGER PRIMARY KEY AUTOINCREMENT NOT NULL, "titulo" varchar(255), "subtitulo" varchar(255), "keywords" varchar(255), "created_at" datetime, "updated_at" datetime) [0m
  [4;36;1mSQL (3.0ms)[0m   [0;1mINSERT INTO schema_migrations (version) VALUES ('20091023192751')[0m
Migrating to CreateEstudantes (20091023192814)
  [4;35;1mSQL (4.5ms)[0m   [0mCREATE TABLE "estudantes" ("id" INTEGER PRIMARY KEY AUTOINCREMENT NOT NULL, "nome" varchar(255), "id_projeto" integer, "id_professor" integer, "created_at" datetime, "updated_at" datetime) [0m
  [4;36;1mSQL (3.3ms)[0m   [0;1mINSERT INTO schema_migrations (version) VALUES ('20091023192814')[0m
  [4;35;1mSQL (0.4ms)[0m   [0m SELECT name
 FROM sqlite_master
 WHERE type = 'table' AND NOT name = 'sqlite_sequence'
[0m
  [4;36;1mSQL (7.8ms)[0m   [0;1mSELECT version FROM schema_migrations[0m
  [4;35;1mSQL (0.4ms)[0m   [0m SELECT name
 FROM sqlite_master
 WHERE type = 'table' AND NOT name = 'sqlite_sequence'
[0m
  [4;36;1mSQL (0.1ms)[0m   [0;1mPRAGMA index_list("estudantes")[0m
  [4;35;1mSQL (0.1ms)[0m   [0mPRAGMA index_list("professors")[0m
  [4;36;1mSQL (0.1ms)[0m   [0;1mPRAGMA index_list("projetos")[0m
  [4;36;1mProjeto Create (0.8ms)[0m   [0;1mINSERT INTO "projetos" ("created_at", "titulo", "updated_at", "subtitulo", "keywords") VALUES('2009-10-23 19:43:51', 'O gcc é bom', '2009-10-23 19:43:51', 'falando como o gcc é bom', 'gcc,bom,gnu')[0m
  [4;35;1mProfessor Create (0.5ms)[0m   [0mINSERT INTO "professors" ("created_at", "nome", "updated_at", "avaliador", "login", "senha") VALUES('2009-10-23 19:45:35', 'Girafalles', '2009-10-23 19:45:35', 't', 'giraffa', 'florinda')[0m
  [4;36;1mEstudante Create (0.5ms)[0m   [0;1mINSERT INTO "estudantes" ("created_at", "nome", "updated_at", "id_professor", "id_projeto") VALUES('2009-10-23 19:46:31', 'Quico', '2009-10-23 19:46:31', 1, 1)[0m
  [4;35;1mProjeto Load (0.6ms)[0m   [0mSELECT * FROM "projetos" WHERE ("projetos"."id" = 1) [0m
  [4;36;1mEstudante Load (0.6ms)[0m   [0;1mSELECT * FROM "estudantes" WHERE ("estudantes"."id" = 1) [0m
  [4;35;1mProfessor Load (0.6ms)[0m   [0mSELECT * FROM "professors" WHERE ("professors"."id" = 1) [0m
